<?xml version="1.0" encoding="UTF-8"?>
<testng-results ignored="0" total="2" passed="2" failed="0" skipped="0">
  <reporter-output>
  </reporter-output>
  <suite started-at="2023-10-29T16:03:36 IST" name="Default suite" finished-at="2023-10-29T16:03:39 IST" duration-ms="2951">
    <groups>
    </groups>
    <test started-at="2023-10-29T16:03:36 IST" name="Default test" finished-at="2023-10-29T16:03:39 IST" duration-ms="2951">
      <class name="httpMethods.GetRequestBasic">
        <test-method signature="firstGetRequest()[pri:0, instance:httpMethods.GetRequestBasic@7205765b]" started-at="2023-10-29T16:03:36 IST" name="firstGetRequest" finished-at="2023-10-29T16:03:39 IST" duration-ms="2598" status="PASS">
          <reporter-output>
          </reporter-output>
        </test-method> <!-- firstGetRequest -->
        <test-method signature="getRequest2()[pri:0, instance:httpMethods.GetRequestBasic@7205765b]" started-at="2023-10-29T16:03:39 IST" name="getRequest2" finished-at="2023-10-29T16:03:39 IST" duration-ms="288" status="PASS">
          <reporter-output>
          </reporter-output>
        </test-method> <!-- getRequest2 -->
      </class> <!-- httpMethods.GetRequestBasic -->
    </test> <!-- Default test -->
  </suite> <!-- Default suite -->
</testng-results>
